# JRE version: Java(TM) SE Runtime Environment (7.0_51-b13) (build 1.7.0_51-b13)
# Java VM: Java HotSpot(TM) 64-Bit Server VM (24.51-b03 mixed mode bsd-amd64 compressed oops)
Heap
 PSYoungGen      total 120320K, used 117506K [0x00000007f7a80000, 0x0000000800000000, 0x0000000800000000)
  eden space 114688K, 97% used [0x00000007f7a80000,0x00000007fe7c3f88,0x00000007fea80000)
  from space 5632K, 99% used [0x00000007fea80000,0x00000007feffcb78,0x00000007ff000000)
  to   space 7680K, 0% used [0x00000007ff880000,0x00000007ff880000,0x0000000800000000)
 ParOldGen       total 174592K, used 2288K [0x00000007e7000000, 0x00000007f1a80000, 0x00000007f7a80000)
  object space 174592K, 1% used [0x00000007e7000000,0x00000007e723c220,0x00000007f1a80000)
 PSPermGen       total 21504K, used 18135K [0x00000007e1e00000, 0x00000007e3300000, 0x00000007e7000000)
  object space 21504K, 84% used [0x00000007e1e00000,0x00000007e2fb5da0,0x00000007e3300000)
GC Heap History (10 events):
Event: 2.243 GC heap before
{Heap before GC invocations=3 (full 0):
 PSYoungGen      total 76800K, used 67879K [0x00000007f7a80000, 0x00000007fd000000, 0x0000000800000000)
  eden space 66048K, 100% used [0x00000007f7a80000,0x00000007fbb00000,0x00000007fbb00000)
  from space 10752K, 17% used [0x00000007fc580000,0x00000007fc749ca8,0x00000007fd000000)
  to   space 10752K, 0% used [0x00000007fbb00000,0x00000007fbb00000,0x00000007fc580000)
 ParOldGen       total 174592K, used 144K [0x00000007e7000000, 0x00000007f1a80000, 0x00000007f7a80000)
  object space 174592K, 0% used [0x00000007e7000000,0x00000007e7024020,0x00000007f1a80000)
 PSPermGen       total 21504K, used 8576K [0x00000007e1e00000, 0x00000007e3300000, 0x00000007e7000000)
  object space 21504K, 39% used [0x00000007e1e00000,0x00000007e2660298,0x00000007e3300000)
Event: 2.246 GC heap after
Heap after GC invocations=3 (full 0):
 PSYoungGen      total 76800K, used 2247K [0x00000007f7a80000, 0x00000007fd000000, 0x0000000800000000)
  eden space 66048K, 0% used [0x00000007f7a80000,0x00000007f7a80000,0x00000007fbb00000)
  from space 10752K, 20% used [0x00000007fbb00000,0x00000007fbd31ca8,0x00000007fc580000)
  to   space 10752K, 0% used [0x00000007fc580000,0x00000007fc580000,0x00000007fd000000)
 ParOldGen       total 174592K, used 152K [0x00000007e7000000, 0x00000007f1a80000, 0x00000007f7a80000)
  object space 174592K, 0% used [0x00000007e7000000,0x00000007e7026020,0x00000007f1a80000)
 PSPermGen       total 21504K, used 8576K [0x00000007e1e00000, 0x00000007e3300000, 0x00000007e7000000)
  object space 21504K, 39% used [0x00000007e1e00000,0x00000007e2660298,0x00000007e3300000)
}
Event: 2.505 GC heap before
{Heap before GC invocations=4 (full 0):
 PSYoungGen      total 76800K, used 68295K [0x00000007f7a80000, 0x00000007fd000000, 0x0000000800000000)
  eden space 66048K, 100% used [0x00000007f7a80000,0x00000007fbb00000,0x00000007fbb00000)
  from space 10752K, 20% used [0x00000007fbb00000,0x00000007fbd31ca8,0x00000007fc580000)
  to   space 10752K, 0% used [0x00000007fc580000,0x00000007fc580000,0x00000007fd000000)
 ParOldGen       total 174592K, used 152K [0x00000007e7000000, 0x00000007f1a80000, 0x00000007f7a80000)
  object space 174592K, 0% used [0x00000007e7000000,0x00000007e7026020,0x00000007f1a80000)
 PSPermGen       total 21504K, used 11655K [0x00000007e1e00000, 0x00000007e3300000, 0x00000007e7000000)
  object space 21504K, 54% used [0x00000007e1e00000,0x00000007e2961fc8,0x00000007e3300000)
Event: 2.511 GC heap after
Heap after GC invocations=4 (full 0):
 PSYoungGen      total 76800K, used 3881K [0x00000007f7a80000, 0x00000007fd000000, 0x0000000800000000)
  eden space 66048K, 0% used [0x00000007f7a80000,0x00000007f7a80000,0x00000007fbb00000)
  from space 10752K, 36% used [0x00000007fc580000,0x00000007fc94a448,0x00000007fd000000)
  to   space 10752K, 0% used [0x00000007fbb00000,0x00000007fbb00000,0x00000007fc580000)
 ParOldGen       total 174592K, used 160K [0x00000007e7000000, 0x00000007f1a80000, 0x00000007f7a80000)
  object space 174592K, 0% used [0x00000007e7000000,0x00000007e7028020,0x00000007f1a80000)
 PSPermGen       total 21504K, used 11655K [0x00000007e1e00000, 0x00000007e3300000, 0x00000007e7000000)
  object space 21504K, 54% used [0x00000007e1e00000,0x00000007e2961fc8,0x00000007e3300000)
}
Event: 2.727 GC heap before
{Heap before GC invocations=5 (full 0):
 PSYoungGen      total 76800K, used 69929K [0x00000007f7a80000, 0x00000007fd000000, 0x0000000800000000)
  eden space 66048K, 100% used [0x00000007f7a80000,0x00000007fbb00000,0x00000007fbb00000)
  from space 10752K, 36% used [0x00000007fc580000,0x00000007fc94a448,0x00000007fd000000)
  to   space 10752K, 0% used [0x00000007fbb00000,0x00000007fbb00000,0x00000007fc580000)
 ParOldGen       total 174592K, used 160K [0x00000007e7000000, 0x00000007f1a80000, 0x00000007f7a80000)
  object space 174592K, 0% used [0x00000007e7000000,0x00000007e7028020,0x00000007f1a80000)
 PSPermGen       total 21504K, used 12446K [0x00000007e1e00000, 0x00000007e3300000, 0x00000007e7000000)
  object space 21504K, 57% used [0x00000007e1e00000,0x00000007e2a27930,0x00000007e3300000)
Event: 2.733 GC heap after
Heap after GC invocations=5 (full 0):
 PSYoungGen      total 76800K, used 3664K [0x00000007f7a80000, 0x00000007ff500000, 0x0000000800000000)
  eden space 66048K, 0% used [0x00000007f7a80000,0x00000007f7a80000,0x00000007fbb00000)
  from space 10752K, 34% used [0x00000007fbb00000,0x00000007fbe94030,0x00000007fc580000)
  to   space 5120K, 0% used [0x00000007ff000000,0x00000007ff000000,0x00000007ff500000)
 ParOldGen       total 174592K, used 168K [0x00000007e7000000, 0x00000007f1a80000, 0x00000007f7a80000)
  object space 174592K, 0% used [0x00000007e7000000,0x00000007e702a020,0x00000007f1a80000)
 PSPermGen       total 21504K, used 12446K [0x00000007e1e00000, 0x00000007e3300000, 0x00000007e7000000)
  object space 21504K, 57% used [0x00000007e1e00000,0x00000007e2a27930,0x00000007e3300000)
}
Event: 2.921 GC heap before
{Heap before GC invocations=6 (full 0):
 PSYoungGen      total 76800K, used 69712K [0x00000007f7a80000, 0x00000007ff500000, 0x0000000800000000)
  eden space 66048K, 100% used [0x00000007f7a80000,0x00000007fbb00000,0x00000007fbb00000)
  from space 10752K, 34% used [0x00000007fbb00000,0x00000007fbe94030,0x00000007fc580000)
  to   space 5120K, 0% used [0x00000007ff000000,0x00000007ff000000,0x00000007ff500000)
 ParOldGen       total 174592K, used 168K [0x00000007e7000000, 0x00000007f1a80000, 0x00000007f7a80000)
  object space 174592K, 0% used [0x00000007e7000000,0x00000007e702a020,0x00000007f1a80000)
 PSPermGen       total 21504K, used 13976K [0x00000007e1e00000, 0x00000007e3300000, 0x00000007e7000000)
  object space 21504K, 64% used [0x00000007e1e00000,0x00000007e2ba63b0,0x00000007e3300000)
Event: 2.927 GC heap after
Heap after GC invocations=6 (full 0):
 PSYoungGen      total 119808K, used 4305K [0x00000007f7a80000, 0x00000007ffb80000, 0x0000000800000000)
  eden space 114688K, 0% used [0x00000007f7a80000,0x00000007f7a80000,0x00000007fea80000)
  from space 5120K, 84% used [0x00000007ff000000,0x00000007ff4346b8,0x00000007ff500000)
  to   space 5632K, 0% used [0x00000007fea80000,0x00000007fea80000,0x00000007ff000000)
 ParOldGen       total 174592K, used 176K [0x00000007e7000000, 0x00000007f1a80000, 0x00000007f7a80000)
  object space 174592K, 0% used [0x00000007e7000000,0x00000007e702c020,0x00000007f1a80000)
 PSPermGen       total 21504K, used 13976K [0x00000007e1e00000, 0x00000007e3300000, 0x00000007e7000000)
  object space 21504K, 64% used [0x00000007e1e00000,0x00000007e2ba63b0,0x00000007e3300000)
}
Event: 3.280 GC heap before
{Heap before GC invocations=7 (full 0):
 PSYoungGen      total 119808K, used 118993K [0x00000007f7a80000, 0x00000007ffb80000, 0x0000000800000000)
  eden space 114688K, 100% used [0x00000007f7a80000,0x00000007fea80000,0x00000007fea80000)
  from space 5120K, 84% used [0x00000007ff000000,0x00000007ff4346b8,0x00000007ff500000)
  to   space 5632K, 0% used [0x00000007fea80000,0x00000007fea80000,0x00000007ff000000)
 ParOldGen       total 174592K, used 176K [0x00000007e7000000, 0x00000007f1a80000, 0x00000007f7a80000)
  object space 174592K, 0% used [0x00000007e7000000,0x00000007e702c020,0x00000007f1a80000)
 PSPermGen       total 21504K, used 15542K [0x00000007e1e00000, 0x00000007e3300000, 0x00000007e7000000)
  object space 21504K, 72% used [0x00000007e1e00000,0x00000007e2d2da48,0x00000007e3300000)
Event: 3.288 GC heap after
Heap after GC invocations=7 (full 0):
 PSYoungGen      total 120320K, used 5618K [0x00000007f7a80000, 0x0000000800000000, 0x0000000800000000)
  eden space 114688K, 0% used [0x00000007f7a80000,0x00000007f7a80000,0x00000007fea80000)
  from space 5632K, 99% used [0x00000007fea80000,0x00000007feffcb78,0x00000007ff000000)
  to   space 7680K, 0% used [0x00000007ff880000,0x00000007ff880000,0x0000000800000000)
 ParOldGen       total 174592K, used 2288K [0x00000007e7000000, 0x00000007f1a80000, 0x00000007f7a80000)
  object space 174592K, 1% used [0x00000007e7000000,0x00000007e723c220,0x00000007f1a80000)
 PSPermGen       total 21504K, used 15542K [0x00000007e1e00000, 0x00000007e3300000, 0x00000007e7000000)
  object space 21504K, 72% used [0x00000007e1e00000,0x00000007e2d2da48,0x00000007e3300000)
}

